<?xml version="1.0" encoding="UTF-8"?>
<!-- Generated by org.testng.reporters.JUnitXMLReporter -->
<testsuite ignored="0" hostname="RWTISQQ182" failures="1" tests="1" name="Validating login page" time="20.414" errors="0" timestamp="2022-03-13T15:10:39 IST">
  <testcase classname="Acadmey.ValidateTitle" name="validateAfterloginPage" time="11.966">
    <failure type="java.lang.AssertionError" message="expected [Rajesh123] but found [Rajesh]">
      <![CDATA[java.lang.AssertionError: expected [Rajesh123] but found [Rajesh]
at Acadmey.ValidateTitle.validateAfterloginPage(ValidateTitle.java:50)
at java.base/java.util.ArrayList.forEach(ArrayList.java:1511)
at java.base/java.util.concurrent.FutureTask.run(FutureTask.java:264)
at java.base/java.util.concurrent.ThreadPoolExecutor.runWorker(ThreadPoolExecutor.java:1136)
at java.base/java.util.concurrent.ThreadPoolExecutor$Worker.run(ThreadPoolExecutor.java:635)
at java.base/java.lang.Thread.run(Thread.java:833)
... Removed 24 stack frames]]>
    </failure>
  </testcase> <!-- validateAfterloginPage -->
</testsuite> <!-- Validating login page -->
